2019-05-09 12:17:13,342 ERROR [Log] Class: XLUtils | Method: getCellData | Exception description: null 
2019-05-09 12:17:13,343 INFO  [Log] **************************************************************************************** 
2019-05-09 12:17:13,343 INFO  [Log] **************************************************************************************** 
2019-05-09 12:17:13,343 INFO  [Log] ******************************** LogIn_01 ********************************* 
2019-05-09 12:17:13,343 INFO  [Log] **************************************************************************************** 
2019-05-09 12:17:13,343 INFO  [Log] **************************************************************************************** 
2019-05-09 12:17:13,343 ERROR [Log] Class: XLUtils | Method: getCellData | Exception description: null 
2019-05-09 12:17:13,343 ERROR [Log] Class: XLUtils | Method: getCellData | Exception description: null 
2019-05-09 12:29:12,708 ERROR [Log] Class: XLUtils | Method: getCellData | Exception description: null 
2019-05-09 12:29:12,708 INFO  [Log] **************************************************************************************** 
2019-05-09 12:29:12,708 INFO  [Log] **************************************************************************************** 
2019-05-09 12:29:12,708 INFO  [Log] ******************************** LogIn_01 ********************************* 
2019-05-09 12:29:12,709 INFO  [Log] **************************************************************************************** 
2019-05-09 12:29:12,709 INFO  [Log] **************************************************************************************** 
2019-05-09 12:29:12,709 ERROR [Log] Class: XLUtils | Method: getCellData | Exception description: null 
2019-05-09 12:29:12,709 ERROR [Log] Class: XLUtils | Method: getCellData | Exception description: null 
2019-05-09 12:37:18,026 ERROR [Log] Class: XLUtils | Method: getCellData | Exception description: null 
2019-05-09 12:37:18,027 INFO  [Log] **************************************************************************************** 
2019-05-09 12:37:18,027 INFO  [Log] **************************************************************************************** 
2019-05-09 12:37:18,027 INFO  [Log] ******************************** LogIn_01 ********************************* 
2019-05-09 12:37:18,027 INFO  [Log] **************************************************************************************** 
2019-05-09 12:37:18,027 INFO  [Log] **************************************************************************************** 
2019-05-09 12:37:18,027 ERROR [Log] Class: XLUtils | Method: getCellData | Exception description: null 
2019-05-09 12:37:18,027 ERROR [Log] Class: XLUtils | Method: getCellData | Exception description: null 
2019-05-09 12:40:16,799 ERROR [Log] Class: XLUtils | Method: getCellData | Exception description: null 
2019-05-09 12:40:16,800 INFO  [Log] **************************************************************************************** 
2019-05-09 12:40:16,800 INFO  [Log] **************************************************************************************** 
2019-05-09 12:40:16,800 INFO  [Log] ******************************** LogIn_01 ********************************* 
2019-05-09 12:40:16,800 INFO  [Log] **************************************************************************************** 
2019-05-09 12:40:16,800 INFO  [Log] **************************************************************************************** 
2019-05-09 12:40:16,800 ERROR [Log] Class: XLUtils | Method: getCellData | Exception description: null 
2019-05-09 12:40:16,800 ERROR [Log] Class: XLUtils | Method: getCellData | Exception description: null 
2019-05-09 13:02:14,078 ERROR [Log] Class: XLUtils | Method: getCellData | Exception description: null 
2019-05-09 13:02:14,079 INFO  [Log] **************************************************************************************** 
2019-05-09 13:02:14,079 INFO  [Log] **************************************************************************************** 
2019-05-09 13:02:14,079 INFO  [Log] ******************************** LogIn_01 ********************************* 
2019-05-09 13:02:14,079 INFO  [Log] **************************************************************************************** 
2019-05-09 13:02:14,079 INFO  [Log] **************************************************************************************** 
2019-05-09 13:02:14,079 ERROR [Log] Class: XLUtils | Method: getCellData | Exception description: null 
2019-05-09 13:02:14,079 ERROR [Log] Class: XLUtils | Method: getCellData | Exception description: null 
2019-05-09 13:05:19,416 ERROR [Log] Class: XLUtils | Method: getCellData | Exception description: null 
2019-05-09 13:05:19,416 INFO  [Log] **************************************************************************************** 
2019-05-09 13:05:19,416 INFO  [Log] **************************************************************************************** 
2019-05-09 13:05:19,417 INFO  [Log] ******************************** LogIn_01 ********************************* 
2019-05-09 13:05:19,417 INFO  [Log] **************************************************************************************** 
2019-05-09 13:05:19,417 INFO  [Log] **************************************************************************************** 
2019-05-09 13:05:19,417 ERROR [Log] Class: XLUtils | Method: getCellData | Exception description: null 
2019-05-09 13:05:19,417 ERROR [Log] Class: XLUtils | Method: getCellData | Exception description: null 
2019-05-09 13:07:02,031 ERROR [Log] Class: XLUtils | Method: getRowCount | Exception description: null 
2019-05-09 13:09:18,656 ERROR [Log] Class: XLUtils | Method: getRowCount | Exception description: null 
2019-05-09 13:15:50,565 ERROR [Log] Class: XLUtils | Method: getRowCount | Exception description: null 
2019-05-09 13:27:57,619 ERROR [Log] Class: XLUtils | Method: getRowCount | Exception description: null 
2019-05-09 13:34:51,468 ERROR [Log] Class: XLUtils | Method: getCellData | Exception description: null 
2019-05-09 13:34:51,469 INFO  [Log] **************************************************************************************** 
2019-05-09 13:34:51,469 INFO  [Log] **************************************************************************************** 
2019-05-09 13:34:51,469 INFO  [Log] ******************************** LogIn_01 ********************************* 
2019-05-09 13:34:51,469 INFO  [Log] **************************************************************************************** 
2019-05-09 13:34:51,469 INFO  [Log] **************************************************************************************** 
2019-05-09 13:34:51,470 ERROR [Log] Class: XLUtils | Method: getCellData | Exception description: null 
2019-05-09 13:38:31,504 ERROR [Log] Class: XLUtils | Method: getCellData | Exception description: null 
2019-05-09 13:38:31,505 INFO  [Log] **************************************************************************************** 
2019-05-09 13:38:31,505 INFO  [Log] **************************************************************************************** 
2019-05-09 13:38:31,505 INFO  [Log] ******************************** LogIn_01 ********************************* 
2019-05-09 13:38:31,505 INFO  [Log] **************************************************************************************** 
2019-05-09 13:38:31,505 INFO  [Log] **************************************************************************************** 
2019-05-09 13:38:31,505 ERROR [Log] Class: XLUtils | Method: getCellData | Exception description: null 
2019-05-09 13:39:36,685 ERROR [Log] Class: XLUtils | Method: getCellData | Exception description: null 
2019-05-09 13:39:36,686 INFO  [Log] **************************************************************************************** 
2019-05-09 13:39:36,686 INFO  [Log] **************************************************************************************** 
2019-05-09 13:39:36,686 INFO  [Log] ******************************** LogIn_01 ********************************* 
2019-05-09 13:39:36,686 INFO  [Log] **************************************************************************************** 
2019-05-09 13:39:36,686 INFO  [Log] **************************************************************************************** 
2019-05-09 13:39:36,686 ERROR [Log] Class: XLUtils | Method: getCellData | Exception description: null 
2019-05-09 13:59:27,903 ERROR [Log] Class: XLUtils | Method: getCellData | Exception description: null 
2019-05-09 13:59:27,904 INFO  [Log] **************************************************************************************** 
2019-05-09 13:59:27,904 INFO  [Log] **************************************************************************************** 
2019-05-09 13:59:27,904 INFO  [Log] ******************************** LogIn_01 ********************************* 
2019-05-09 13:59:27,904 INFO  [Log] **************************************************************************************** 
2019-05-09 13:59:27,904 INFO  [Log] **************************************************************************************** 
2019-05-09 13:59:27,904 ERROR [Log] Class: XLUtils | Method: getCellData | Exception description: null 
2019-05-09 14:04:15,756 ERROR [Log] Class: XLUtils | Method: getCellData | Exception description: null 
2019-05-09 14:04:15,757 INFO  [Log] **************************************************************************************** 
2019-05-09 14:04:15,757 INFO  [Log] **************************************************************************************** 
2019-05-09 14:04:15,757 INFO  [Log] ******************************** LogIn_01 ********************************* 
2019-05-09 14:04:15,757 INFO  [Log] **************************************************************************************** 
2019-05-09 14:04:15,757 INFO  [Log] **************************************************************************************** 
2019-05-09 14:04:15,757 ERROR [Log] Class: XLUtils | Method: getCellData | Exception description: null 
2019-05-09 14:05:46,324 ERROR [Log] Class: XLUtils | Method: getCellData | Exception description: null 
2019-05-09 14:05:46,325 INFO  [Log] **************************************************************************************** 
2019-05-09 14:05:46,325 INFO  [Log] **************************************************************************************** 
2019-05-09 14:05:46,325 INFO  [Log] ******************************** LogIn_01 ********************************* 
2019-05-09 14:05:46,325 INFO  [Log] **************************************************************************************** 
2019-05-09 14:05:46,325 INFO  [Log] **************************************************************************************** 
2019-05-09 14:05:46,325 ERROR [Log] Class: XLUtils | Method: getCellData | Exception description: null 
2019-05-09 14:06:09,512 ERROR [Log] Class: XLUtils | Method: getCellData | Exception description: null 
2019-05-09 14:06:09,512 INFO  [Log] **************************************************************************************** 
2019-05-09 14:06:09,513 INFO  [Log] **************************************************************************************** 
2019-05-09 14:06:09,513 INFO  [Log] ******************************** LogIn_01 ********************************* 
2019-05-09 14:06:09,513 INFO  [Log] **************************************************************************************** 
2019-05-09 14:06:09,513 INFO  [Log] **************************************************************************************** 
2019-05-09 14:06:09,513 ERROR [Log] Class: XLUtils | Method: getCellData | Exception description: null 
2019-05-09 14:32:31,230 ERROR [Log] Class: XLUtils | Method: getCellData | Exception description: null 
2019-05-09 14:32:31,231 INFO  [Log] **************************************************************************************** 
2019-05-09 14:32:31,231 INFO  [Log] **************************************************************************************** 
2019-05-09 14:32:31,231 INFO  [Log] ******************************** LogIn_01 ********************************* 
2019-05-09 14:32:31,231 INFO  [Log] **************************************************************************************** 
2019-05-09 14:32:31,231 INFO  [Log] **************************************************************************************** 
2019-05-09 14:32:31,231 ERROR [Log] Class: XLUtils | Method: getCellData | Exception description: null 
2019-05-09 14:32:59,537 ERROR [Log] Class: XLUtils | Method: getCellData | Exception description: null 
2019-05-09 14:32:59,538 INFO  [Log] **************************************************************************************** 
2019-05-09 14:32:59,538 INFO  [Log] **************************************************************************************** 
2019-05-09 14:32:59,538 INFO  [Log] ******************************** LogIn_01 ********************************* 
2019-05-09 14:32:59,538 INFO  [Log] **************************************************************************************** 
2019-05-09 14:32:59,538 INFO  [Log] **************************************************************************************** 
2019-05-09 14:32:59,538 ERROR [Log] Class: XLUtils | Method: getCellData | Exception description: null 
2019-05-09 14:54:34,484 ERROR [Log] Class: XLUtils | Method: getCellData | Exception description: null 
2019-05-09 14:54:34,485 INFO  [Log] **************************************************************************************** 
2019-05-09 14:54:34,485 INFO  [Log] **************************************************************************************** 
2019-05-09 14:54:34,486 INFO  [Log] ******************************** LogIn_01 ********************************* 
2019-05-09 14:54:34,486 INFO  [Log] **************************************************************************************** 
2019-05-09 14:54:34,486 INFO  [Log] **************************************************************************************** 
2019-05-09 14:54:34,487 ERROR [Log] Class: XLUtils | Method: getCellData | Exception description: null 
2019-05-09 14:56:22,108 ERROR [Log] Class: XLUtils | Method: getCellData | Exception description: null 
2019-05-09 14:56:22,109 INFO  [Log] **************************************************************************************** 
2019-05-09 14:56:22,109 INFO  [Log] **************************************************************************************** 
2019-05-09 14:56:22,110 INFO  [Log] ******************************** LogIn_01 ********************************* 
2019-05-09 14:56:22,110 INFO  [Log] **************************************************************************************** 
2019-05-09 14:56:22,110 INFO  [Log] **************************************************************************************** 
2019-05-09 14:56:22,110 ERROR [Log] Class: XLUtils | Method: getCellData | Exception description: null 
2019-05-09 14:59:21,887 ERROR [Log] Class: XLUtils | Method: getCellData | Exception description: null 
2019-05-09 14:59:21,888 INFO  [Log] **************************************************************************************** 
2019-05-09 14:59:21,888 INFO  [Log] **************************************************************************************** 
2019-05-09 14:59:21,888 INFO  [Log] ******************************** LogIn_01 ********************************* 
2019-05-09 14:59:21,888 INFO  [Log] **************************************************************************************** 
2019-05-09 14:59:21,888 INFO  [Log] **************************************************************************************** 
2019-05-09 14:59:21,888 ERROR [Log] Class: XLUtils | Method: getCellData | Exception description: null 
2019-05-09 14:59:54,058 ERROR [Log] Class: XLUtils | Method: getCellData | Exception description: null 
2019-05-09 14:59:54,059 INFO  [Log] **************************************************************************************** 
2019-05-09 14:59:54,059 INFO  [Log] **************************************************************************************** 
2019-05-09 14:59:54,060 INFO  [Log] ******************************** LogIn_01 ********************************* 
2019-05-09 14:59:54,060 INFO  [Log] **************************************************************************************** 
2019-05-09 14:59:54,060 INFO  [Log] **************************************************************************************** 
2019-05-09 14:59:54,060 ERROR [Log] Class: XLUtils | Method: getCellData | Exception description: null 
2019-05-09 15:20:55,546 ERROR [Log] Class: XLUtils | Method: getCellData | Exception description: null 
2019-05-09 15:20:55,549 INFO  [Log] **************************************************************************************** 
2019-05-09 15:20:55,549 INFO  [Log] **************************************************************************************** 
2019-05-09 15:20:55,550 INFO  [Log] ******************************** LogIn_01 ********************************* 
2019-05-09 15:20:55,550 INFO  [Log] **************************************************************************************** 
2019-05-09 15:20:55,550 INFO  [Log] **************************************************************************************** 
2019-05-09 15:20:55,550 ERROR [Log] Class: XLUtils | Method: getCellData | Exception description: null 
2019-05-09 15:52:10,940 ERROR [Log] Class: XLUtils | Method: getCellData | Exception description: null 
2019-05-09 15:52:10,941 INFO  [Log] **************************************************************************************** 
2019-05-09 15:52:10,941 INFO  [Log] **************************************************************************************** 
2019-05-09 15:52:10,941 INFO  [Log] ******************************** LogIn_01 ********************************* 
2019-05-09 15:52:10,941 INFO  [Log] **************************************************************************************** 
2019-05-09 15:52:10,941 INFO  [Log] **************************************************************************************** 
2019-05-09 15:52:10,941 ERROR [Log] Class: XLUtils | Method: getCellData | Exception description: null 
2019-05-10 09:09:54,584 ERROR [Log] Class: XLUtils | Method: getCellData | Exception description: null 
2019-05-10 09:09:54,585 INFO  [Log] **************************************************************************************** 
2019-05-10 09:09:54,586 INFO  [Log] **************************************************************************************** 
2019-05-10 09:09:54,586 INFO  [Log] ******************************** LogIn_01 ********************************* 
2019-05-10 09:09:54,586 INFO  [Log] **************************************************************************************** 
2019-05-10 09:09:54,586 INFO  [Log] **************************************************************************************** 
2019-05-10 09:09:54,586 ERROR [Log] Class: XLUtils | Method: getCellData | Exception description: null 
2019-05-10 09:10:58,257 ERROR [Log] Class: XLUtils | Method: getCellData | Exception description: null 
2019-05-10 09:10:58,258 INFO  [Log] **************************************************************************************** 
2019-05-10 09:10:58,258 INFO  [Log] **************************************************************************************** 
2019-05-10 09:10:58,258 INFO  [Log] ******************************** LogIn_01 ********************************* 
2019-05-10 09:10:58,258 INFO  [Log] **************************************************************************************** 
2019-05-10 09:10:58,258 INFO  [Log] **************************************************************************************** 
2019-05-10 09:10:58,258 ERROR [Log] Class: XLUtils | Method: getCellData | Exception description: null 
2019-05-10 09:49:51,691 ERROR [Log] Class: XLUtils | Method: getCellData | Exception description: null 
2019-05-10 09:49:51,692 INFO  [Log] **************************************************************************************** 
2019-05-10 09:49:51,692 INFO  [Log] **************************************************************************************** 
2019-05-10 09:49:51,692 INFO  [Log] ******************************** LogIn_01 ********************************* 
2019-05-10 09:49:51,692 INFO  [Log] **************************************************************************************** 
2019-05-10 09:49:51,692 INFO  [Log] **************************************************************************************** 
2019-05-10 09:49:51,692 ERROR [Log] Class: XLUtils | Method: getCellData | Exception description: null 
2019-05-10 09:58:07,055 ERROR [Log] Class: XLUtils | Method: getCellData | Exception description: null 
2019-05-10 09:58:07,056 INFO  [Log] **************************************************************************************** 
2019-05-10 09:58:07,056 INFO  [Log] **************************************************************************************** 
2019-05-10 09:58:07,056 INFO  [Log] ******************************** LogIn_01 ********************************* 
2019-05-10 09:58:07,056 INFO  [Log] **************************************************************************************** 
2019-05-10 09:58:07,056 INFO  [Log] **************************************************************************************** 
2019-05-10 09:58:07,056 ERROR [Log] Class: XLUtils | Method: getCellData | Exception description: null 
2019-05-10 09:58:37,510 ERROR [Log] Class: XLUtils | Method: getCellData | Exception description: null 
2019-05-10 09:58:37,513 INFO  [Log] **************************************************************************************** 
2019-05-10 09:58:37,513 INFO  [Log] **************************************************************************************** 
2019-05-10 09:58:37,513 INFO  [Log] ******************************** LogIn_01 ********************************* 
2019-05-10 09:58:37,513 INFO  [Log] **************************************************************************************** 
2019-05-10 09:58:37,513 INFO  [Log] **************************************************************************************** 
2019-05-10 09:58:37,513 ERROR [Log] Class: XLUtils | Method: getCellData | Exception description: null 
2019-05-10 10:00:46,616 ERROR [Log] Class: XLUtils | Method: getCellData | Exception description: null 
2019-05-10 10:00:46,618 INFO  [Log] **************************************************************************************** 
2019-05-10 10:00:46,619 INFO  [Log] **************************************************************************************** 
2019-05-10 10:00:46,619 INFO  [Log] ******************************** LogIn_01 ********************************* 
2019-05-10 10:00:46,619 INFO  [Log] **************************************************************************************** 
2019-05-10 10:00:46,619 INFO  [Log] **************************************************************************************** 
2019-05-10 10:00:46,619 ERROR [Log] Class: XLUtils | Method: getCellData | Exception description: null 
2019-05-10 10:01:49,655 ERROR [Log] Class: XLUtils | Method: getCellData | Exception description: null 
2019-05-10 10:01:49,656 INFO  [Log] **************************************************************************************** 
2019-05-10 10:01:49,656 INFO  [Log] **************************************************************************************** 
2019-05-10 10:01:49,656 INFO  [Log] ******************************** LogIn_01 ********************************* 
2019-05-10 10:01:49,656 INFO  [Log] **************************************************************************************** 
2019-05-10 10:01:49,656 INFO  [Log] **************************************************************************************** 
2019-05-10 10:01:49,656 ERROR [Log] Class: XLUtils | Method: getCellData | Exception description: null 
2019-05-10 10:02:09,461 ERROR [Log] Class: XLUtils | Method: getCellData | Exception description: null 
2019-05-10 10:02:09,462 INFO  [Log] **************************************************************************************** 
2019-05-10 10:02:09,462 INFO  [Log] **************************************************************************************** 
2019-05-10 10:02:09,462 INFO  [Log] ******************************** LogIn_01 ********************************* 
2019-05-10 10:02:09,462 INFO  [Log] **************************************************************************************** 
2019-05-10 10:02:09,462 INFO  [Log] **************************************************************************************** 
2019-05-10 10:02:09,462 ERROR [Log] Class: XLUtils | Method: getCellData | Exception description: null 
2019-05-10 10:02:22,607 ERROR [Log] Class: XLUtils | Method: getCellData | Exception description: null 
2019-05-10 10:02:22,607 INFO  [Log] **************************************************************************************** 
2019-05-10 10:02:22,608 INFO  [Log] **************************************************************************************** 
2019-05-10 10:02:22,608 INFO  [Log] ******************************** LogIn_01 ********************************* 
2019-05-10 10:02:22,608 INFO  [Log] **************************************************************************************** 
2019-05-10 10:02:22,608 INFO  [Log] **************************************************************************************** 
2019-05-10 10:02:22,608 ERROR [Log] Class: XLUtils | Method: getCellData | Exception description: null 
2019-05-10 10:03:43,748 ERROR [Log] Class: XLUtils | Method: getCellData | Exception description: null 
2019-05-10 10:03:43,748 INFO  [Log] **************************************************************************************** 
2019-05-10 10:03:43,749 INFO  [Log] **************************************************************************************** 
2019-05-10 10:03:43,749 INFO  [Log] ******************************** LogIn_01 ********************************* 
2019-05-10 10:03:43,749 INFO  [Log] **************************************************************************************** 
2019-05-10 10:03:43,749 INFO  [Log] **************************************************************************************** 
2019-05-10 10:03:43,749 ERROR [Log] Class: XLUtils | Method: getCellData | Exception description: null 
2019-05-10 10:04:19,398 ERROR [Log] Class: XLUtils | Method: getCellData | Exception description: null 
2019-05-10 10:04:19,399 INFO  [Log] **************************************************************************************** 
2019-05-10 10:04:19,399 INFO  [Log] **************************************************************************************** 
2019-05-10 10:04:19,399 INFO  [Log] ******************************** LogIn_01 ********************************* 
2019-05-10 10:04:19,399 INFO  [Log] **************************************************************************************** 
2019-05-10 10:04:19,399 INFO  [Log] **************************************************************************************** 
2019-05-10 10:04:19,399 ERROR [Log] Class: XLUtils | Method: getCellData | Exception description: null 
2019-05-10 10:04:25,579 ERROR [Log] Class: XLUtils | Method: getCellData | Exception description: null 
2019-05-10 10:04:25,579 INFO  [Log] **************************************************************************************** 
2019-05-10 10:04:25,579 INFO  [Log] **************************************************************************************** 
2019-05-10 10:04:25,579 INFO  [Log] ******************************** LogIn_01 ********************************* 
2019-05-10 10:04:25,580 INFO  [Log] **************************************************************************************** 
2019-05-10 10:04:25,580 INFO  [Log] **************************************************************************************** 
2019-05-10 10:04:25,580 ERROR [Log] Class: XLUtils | Method: getCellData | Exception description: null 
2019-05-10 10:07:59,668 ERROR [Log] Class: XLUtils | Method: getCellData | Exception description: null 
2019-05-10 10:07:59,669 INFO  [Log] **************************************************************************************** 
2019-05-10 10:07:59,669 INFO  [Log] **************************************************************************************** 
2019-05-10 10:07:59,669 INFO  [Log] ******************************** LogIn_01 ********************************* 
2019-05-10 10:07:59,669 INFO  [Log] **************************************************************************************** 
2019-05-10 10:07:59,669 INFO  [Log] **************************************************************************************** 
2019-05-10 10:07:59,669 ERROR [Log] Class: XLUtils | Method: getCellData | Exception description: null 
2019-05-10 10:09:31,392 ERROR [Log] Class: XLUtils | Method: getCellData | Exception description: null 
2019-05-10 10:09:31,393 INFO  [Log] **************************************************************************************** 
2019-05-10 10:09:31,393 INFO  [Log] **************************************************************************************** 
2019-05-10 10:09:31,393 INFO  [Log] ******************************** LogIn_01 ********************************* 
2019-05-10 10:09:31,393 INFO  [Log] **************************************************************************************** 
2019-05-10 10:09:31,393 INFO  [Log] **************************************************************************************** 
2019-05-10 10:09:31,393 ERROR [Log] Class: XLUtils | Method: getCellData | Exception description: null 
2019-05-10 10:10:10,188 ERROR [Log] Class: XLUtils | Method: getCellData | Exception description: null 
2019-05-10 10:10:10,189 INFO  [Log] **************************************************************************************** 
2019-05-10 10:10:10,190 INFO  [Log] **************************************************************************************** 
2019-05-10 10:10:10,190 INFO  [Log] ******************************** LogIn_01 ********************************* 
2019-05-10 10:10:10,190 INFO  [Log] **************************************************************************************** 
2019-05-10 10:10:10,190 INFO  [Log] **************************************************************************************** 
2019-05-10 10:10:10,190 ERROR [Log] Class: XLUtils | Method: getCellData | Exception description: null 
2019-05-10 10:10:51,181 ERROR [Log] Class: XLUtils | Method: getCellData | Exception description: null 
2019-05-10 10:10:51,181 INFO  [Log] **************************************************************************************** 
2019-05-10 10:10:51,181 INFO  [Log] **************************************************************************************** 
2019-05-10 10:10:51,181 INFO  [Log] ******************************** LogIn_01 ********************************* 
2019-05-10 10:10:51,181 INFO  [Log] **************************************************************************************** 
2019-05-10 10:10:51,181 INFO  [Log] **************************************************************************************** 
2019-05-10 10:10:51,181 ERROR [Log] Class: XLUtils | Method: getCellData | Exception description: null 
2019-05-10 10:11:47,298 ERROR [Log] Class: XLUtils | Method: getCellData | Exception description: null 
2019-05-10 10:11:47,298 INFO  [Log] **************************************************************************************** 
2019-05-10 10:11:47,299 INFO  [Log] **************************************************************************************** 
2019-05-10 10:11:47,299 INFO  [Log] ******************************** LogIn_01 ********************************* 
2019-05-10 10:11:47,299 INFO  [Log] **************************************************************************************** 
2019-05-10 10:11:47,299 INFO  [Log] **************************************************************************************** 
2019-05-10 10:11:47,299 ERROR [Log] Class: XLUtils | Method: getCellData | Exception description: null 
2019-05-10 10:17:38,301 ERROR [Log] Class: XLUtils | Method: getCellData | Exception description: null 
2019-05-10 10:17:38,302 INFO  [Log] **************************************************************************************** 
2019-05-10 10:17:38,302 INFO  [Log] **************************************************************************************** 
2019-05-10 10:17:38,302 INFO  [Log] ******************************** LogIn_01 ********************************* 
2019-05-10 10:17:38,302 INFO  [Log] **************************************************************************************** 
2019-05-10 10:17:38,302 INFO  [Log] **************************************************************************************** 
2019-05-10 10:17:38,302 ERROR [Log] Class: XLUtils | Method: getCellData | Exception description: null 
2019-05-10 10:18:11,592 ERROR [Log] Class: XLUtils | Method: getCellData | Exception description: java.lang.NullPointerException 
2019-05-10 10:18:11,593 INFO  [Log] **************************************************************************************** 
2019-05-10 10:18:11,593 INFO  [Log] **************************************************************************************** 
2019-05-10 10:18:11,593 INFO  [Log] ******************************** LogIn_01 ********************************* 
2019-05-10 10:18:11,593 INFO  [Log] **************************************************************************************** 
2019-05-10 10:18:11,593 INFO  [Log] **************************************************************************************** 
2019-05-10 10:18:11,593 ERROR [Log] Class: XLUtils | Method: getCellData | Exception description: java.lang.NullPointerException 
2019-05-10 15:27:19,753 ERROR [Log] Class: XLUtils | Method: getCellData | Exception description: java.lang.NullPointerException 
2019-05-10 15:27:19,754 INFO  [Log] **************************************************************************************** 
2019-05-10 15:27:19,755 INFO  [Log] **************************************************************************************** 
2019-05-10 15:27:19,755 INFO  [Log] ******************************** LogIn_01 ********************************* 
2019-05-10 15:27:19,755 INFO  [Log] **************************************************************************************** 
2019-05-10 15:27:19,755 INFO  [Log] **************************************************************************************** 
2019-05-10 15:27:19,755 ERROR [Log] Class: XLUtils | Method: getCellData | Exception description: java.lang.NullPointerException 
